{"C:\\Users\\marce\\OneDrive\\Documentos\\star-explorer\\star-explorer\\eslint.config.js": {"path":"C:\\Users\\marce\\OneDrive\\Documentos\\star-explorer\\star-explorer\\eslint.config.js","statementMap":{"0":{"start":{"line":2,"column":25},"end":{"line":2,"column":49}},"1":{"start":{"line":3,"column":19},"end":{"line":3,"column":53}},"2":{"start":{"line":5,"column":0},"end":{"line":10,"column":3}}},"fnMap":{},"branchMap":{},"s":{"0":0,"1":0,"2":0},"f":{},"b":{}}
,"C:\\Users\\marce\\OneDrive\\Documentos\\star-explorer\\star-explorer\\expo-env.d.ts": {"path":"C:\\Users\\marce\\OneDrive\\Documentos\\star-explorer\\star-explorer\\expo-env.d.ts","statementMap":{},"fnMap":{},"branchMap":{},"s":{},"f":{},"b":{}}
,"C:\\Users\\marce\\OneDrive\\Documentos\\star-explorer\\star-explorer\\jest.config.js": {"path":"C:\\Users\\marce\\OneDrive\\Documentos\\star-explorer\\star-explorer\\jest.config.js","statementMap":{"0":{"start":{"line":1,"column":0},"end":{"line":19,"column":2}}},"fnMap":{},"branchMap":{},"s":{"0":0},"f":{},"b":{}}
,"C:\\Users\\marce\\OneDrive\\Documentos\\star-explorer\\star-explorer\\.expo\\types\\router.d.ts": {"path":"C:\\Users\\marce\\OneDrive\\Documentos\\star-explorer\\star-explorer\\.expo\\types\\router.d.ts","statementMap":{},"fnMap":{},"branchMap":{},"s":{},"f":{},"b":{}}
,"C:\\Users\\marce\\OneDrive\\Documentos\\star-explorer\\star-explorer\\app\\_layout.tsx": {"path":"C:\\Users\\marce\\OneDrive\\Documentos\\star-explorer\\star-explorer\\app\\_layout.tsx","statementMap":{"0":{"start":{"line":7,"column":2},"end":{"line":25,"column":4}}},"fnMap":{"0":{"name":"RootLayout","decl":{"start":{"line":6,"column":24},"end":{"line":6,"column":34}},"loc":{"start":{"line":6,"column":37},"end":{"line":26,"column":1}},"line":6}},"branchMap":{},"s":{"0":0},"f":{"0":0},"b":{}}
,"C:\\Users\\marce\\OneDrive\\Documentos\\star-explorer\\star-explorer\\app\\index.tsx": {"path":"C:\\Users\\marce\\OneDrive\\Documentos\\star-explorer\\star-explorer\\app\\index.tsx","statementMap":{"0":{"start":{"line":5,"column":2},"end":{"line":14,"column":4}},"1":{"start":{"line":17,"column":15},"end":{"line":40,"column":2}}},"fnMap":{"0":{"name":"Index","decl":{"start":{"line":4,"column":24},"end":{"line":4,"column":29}},"loc":{"start":{"line":4,"column":32},"end":{"line":15,"column":1}},"line":4}},"branchMap":{},"s":{"0":0,"1":0},"f":{"0":0},"b":{}}
,"C:\\Users\\marce\\OneDrive\\Documentos\\star-explorer\\star-explorer\\app\\components\\CharacterCard.tsx": {"path":"C:\\Users\\marce\\OneDrive\\Documentos\\star-explorer\\star-explorer\\app\\components\\CharacterCard.tsx","statementMap":{"0":{"start":{"line":12,"column":52},"end":{"line":26,"column":1}},"1":{"start":{"line":13,"column":2},"end":{"line":25,"column":4}},"2":{"start":{"line":28,"column":15},"end":{"line":64,"column":2}}},"fnMap":{"0":{"name":"(anonymous_0)","decl":{"start":{"line":12,"column":52},"end":{"line":12,"column":53}},"loc":{"start":{"line":12,"column":100},"end":{"line":26,"column":1}},"line":12}},"branchMap":{},"s":{"0":0,"1":0,"2":0},"f":{"0":0},"b":{}}
,"C:\\Users\\marce\\OneDrive\\Documentos\\star-explorer\\star-explorer\\app\\components\\CharacterList.tsx": {"path":"C:\\Users\\marce\\OneDrive\\Documentos\\star-explorer\\star-explorer\\app\\components\\CharacterList.tsx","statementMap":{"0":{"start":{"line":9,"column":32},"end":{"line":178,"column":1}},"1":{"start":{"line":10,"column":52},"end":{"line":10,"column":84}},"2":{"start":{"line":11,"column":42},"end":{"line":11,"column":57}},"3":{"start":{"line":12,"column":19},"end":{"line":12,"column":35}},"4":{"start":{"line":22,"column":6},"end":{"line":22,"column":47}},"5":{"start":{"line":22,"column":30},"end":{"line":22,"column":46}},"6":{"start":{"line":23,"column":28},"end":{"line":23,"column":67}},"7":{"start":{"line":25,"column":21},"end":{"line":27,"column":3}},"8":{"start":{"line":26,"column":4},"end":{"line":26,"column":65}},"9":{"start":{"line":29,"column":2},"end":{"line":31,"column":17}},"10":{"start":{"line":30,"column":4},"end":{"line":30,"column":59}},"11":{"start":{"line":33,"column":25},"end":{"line":38,"column":3}},"12":{"start":{"line":34,"column":4},"end":{"line":37,"column":5}},"13":{"start":{"line":35,"column":29},"end":{"line":35,"column":59}},"14":{"start":{"line":36,"column":6},"end":{"line":36,"column":83}},"15":{"start":{"line":40,"column":25},"end":{"line":45,"column":3}},"16":{"start":{"line":41,"column":4},"end":{"line":44,"column":5}},"17":{"start":{"line":42,"column":29},"end":{"line":42,"column":59}},"18":{"start":{"line":43,"column":6},"end":{"line":43,"column":83}},"19":{"start":{"line":47,"column":23},"end":{"line":49,"column":3}},"20":{"start":{"line":48,"column":4},"end":{"line":48,"column":68}},"21":{"start":{"line":51,"column":28},"end":{"line":54,"column":3}},"22":{"start":{"line":52,"column":4},"end":{"line":52,"column":33}},"23":{"start":{"line":53,"column":4},"end":{"line":53,"column":59}},"24":{"start":{"line":56,"column":26},"end":{"line":78,"column":3}},"25":{"start":{"line":57,"column":4},"end":{"line":77,"column":11}},"26":{"start":{"line":64,"column":34},"end":{"line":64,"column":64}},"27":{"start":{"line":80,"column":2},"end":{"line":87,"column":3}},"28":{"start":{"line":81,"column":4},"end":{"line":86,"column":6}},"29":{"start":{"line":89,"column":2},"end":{"line":101,"column":3}},"30":{"start":{"line":90,"column":4},"end":{"line":100,"column":6}},"31":{"start":{"line":95,"column":25},"end":{"line":95,"column":48}},"32":{"start":{"line":103,"column":24},"end":{"line":118,"column":3}},"33":{"start":{"line":104,"column":4},"end":{"line":116,"column":5}},"34":{"start":{"line":105,"column":6},"end":{"line":115,"column":8}},"35":{"start":{"line":110,"column":27},"end":{"line":110,"column":50}},"36":{"start":{"line":117,"column":4},"end":{"line":117,"column":16}},"37":{"start":{"line":120,"column":2},"end":{"line":177,"column":4}},"38":{"start":{"line":132,"column":34},"end":{"line":132,"column":42}},"39":{"start":{"line":134,"column":12},"end":{"line":143,"column":14}},"40":{"start":{"line":140,"column":16},"end":{"line":140,"column":43}},"41":{"start":{"line":141,"column":16},"end":{"line":141,"column":38}},"42":{"start":{"line":152,"column":23},"end":{"line":152,"column":45}},"43":{"start":{"line":180,"column":15},"end":{"line":343,"column":2}}},"fnMap":{"0":{"name":"(anonymous_0)","decl":{"start":{"line":9,"column":32},"end":{"line":9,"column":33}},"loc":{"start":{"line":9,"column":38},"end":{"line":178,"column":1}},"line":9},"1":{"name":"(anonymous_1)","decl":{"start":{"line":22,"column":21},"end":{"line":22,"column":22}},"loc":{"start":{"line":22,"column":30},"end":{"line":22,"column":46}},"line":22},"2":{"name":"(anonymous_2)","decl":{"start":{"line":25,"column":21},"end":{"line":25,"column":22}},"loc":{"start":{"line":25,"column":39},"end":{"line":27,"column":3}},"line":25},"3":{"name":"(anonymous_3)","decl":{"start":{"line":29,"column":12},"end":{"line":29,"column":13}},"loc":{"start":{"line":29,"column":18},"end":{"line":31,"column":3}},"line":29},"4":{"name":"(anonymous_4)","decl":{"start":{"line":33,"column":25},"end":{"line":33,"column":26}},"loc":{"start":{"line":33,"column":31},"end":{"line":38,"column":3}},"line":33},"5":{"name":"(anonymous_5)","decl":{"start":{"line":40,"column":25},"end":{"line":40,"column":26}},"loc":{"start":{"line":40,"column":31},"end":{"line":45,"column":3}},"line":40},"6":{"name":"(anonymous_6)","decl":{"start":{"line":47,"column":23},"end":{"line":47,"column":24}},"loc":{"start":{"line":47,"column":29},"end":{"line":49,"column":3}},"line":47},"7":{"name":"(anonymous_7)","decl":{"start":{"line":51,"column":28},"end":{"line":51,"column":29}},"loc":{"start":{"line":51,"column":34},"end":{"line":54,"column":3}},"line":51},"8":{"name":"(anonymous_8)","decl":{"start":{"line":56,"column":26},"end":{"line":56,"column":27}},"loc":{"start":{"line":57,"column":4},"end":{"line":77,"column":11}},"line":57},"9":{"name":"(anonymous_9)","decl":{"start":{"line":64,"column":24},"end":{"line":64,"column":25}},"loc":{"start":{"line":64,"column":34},"end":{"line":64,"column":64}},"line":64},"10":{"name":"(anonymous_10)","decl":{"start":{"line":95,"column":19},"end":{"line":95,"column":20}},"loc":{"start":{"line":95,"column":25},"end":{"line":95,"column":48}},"line":95},"11":{"name":"(anonymous_11)","decl":{"start":{"line":103,"column":24},"end":{"line":103,"column":25}},"loc":{"start":{"line":103,"column":30},"end":{"line":118,"column":3}},"line":103},"12":{"name":"(anonymous_12)","decl":{"start":{"line":110,"column":21},"end":{"line":110,"column":22}},"loc":{"start":{"line":110,"column":27},"end":{"line":110,"column":50}},"line":110},"13":{"name":"(anonymous_13)","decl":{"start":{"line":132,"column":24},"end":{"line":132,"column":25}},"loc":{"start":{"line":132,"column":34},"end":{"line":132,"column":42}},"line":132},"14":{"name":"(anonymous_14)","decl":{"start":{"line":133,"column":22},"end":{"line":133,"column":23}},"loc":{"start":{"line":134,"column":12},"end":{"line":143,"column":14}},"line":134},"15":{"name":"(anonymous_15)","decl":{"start":{"line":139,"column":23},"end":{"line":139,"column":24}},"loc":{"start":{"line":139,"column":29},"end":{"line":142,"column":15}},"line":139},"16":{"name":"(anonymous_16)","decl":{"start":{"line":152,"column":17},"end":{"line":152,"column":18}},"loc":{"start":{"line":152,"column":23},"end":{"line":152,"column":45}},"line":152}},"branchMap":{"0":{"loc":{"start":{"line":23,"column":28},"end":{"line":23,"column":67}},"type":"binary-expr","locations":[{"start":{"line":23,"column":28},"end":{"line":23,"column":42}},{"start":{"line":23,"column":46},"end":{"line":23,"column":67}}],"line":23},"1":{"loc":{"start":{"line":34,"column":4},"end":{"line":37,"column":5}},"type":"if","locations":[{"start":{"line":34,"column":4},"end":{"line":37,"column":5}},{"start":{},"end":{}}],"line":34},"2":{"loc":{"start":{"line":41,"column":4},"end":{"line":44,"column":5}},"type":"if","locations":[{"start":{"line":41,"column":4},"end":{"line":44,"column":5}},{"start":{},"end":{}}],"line":41},"3":{"loc":{"start":{"line":68,"column":9},"end":{"line":72,"column":16}},"type":"cond-expr","locations":[{"start":{"line":69,"column":10},"end":{"line":71,"column":29}},{"start":{"line":72,"column":12},"end":{"line":72,"column":16}}],"line":68},"4":{"loc":{"start":{"line":80,"column":2},"end":{"line":87,"column":3}},"type":"if","locations":[{"start":{"line":80,"column":2},"end":{"line":87,"column":3}},{"start":{},"end":{}}],"line":80},"5":{"loc":{"start":{"line":80,"column":6},"end":{"line":80,"column":40}},"type":"binary-expr","locations":[{"start":{"line":80,"column":6},"end":{"line":80,"column":13}},{"start":{"line":80,"column":17},"end":{"line":80,"column":40}}],"line":80},"6":{"loc":{"start":{"line":89,"column":2},"end":{"line":101,"column":3}},"type":"if","locations":[{"start":{"line":89,"column":2},"end":{"line":101,"column":3}},{"start":{},"end":{}}],"line":89},"7":{"loc":{"start":{"line":89,"column":6},"end":{"line":89,"column":38}},"type":"binary-expr","locations":[{"start":{"line":89,"column":6},"end":{"line":89,"column":11}},{"start":{"line":89,"column":15},"end":{"line":89,"column":38}}],"line":89},"8":{"loc":{"start":{"line":104,"column":4},"end":{"line":116,"column":5}},"type":"if","locations":[{"start":{"line":104,"column":4},"end":{"line":116,"column":5}},{"start":{},"end":{}}],"line":104},"9":{"loc":{"start":{"line":125,"column":7},"end":{"line":147,"column":7}},"type":"cond-expr","locations":[{"start":{"line":126,"column":8},"end":{"line":128,"column":15}},{"start":{"line":130,"column":8},"end":{"line":146,"column":10}}],"line":125},"10":{"loc":{"start":{"line":157,"column":43},"end":{"line":157,"column":115}},"type":"binary-expr","locations":[{"start":{"line":157,"column":44},"end":{"line":157,"column":53}},{"start":{"line":157,"column":57},"end":{"line":157,"column":74}},{"start":{"line":157,"column":78},"end":{"line":157,"column":89}},{"start":{"line":157,"column":94},"end":{"line":157,"column":115}}],"line":157},"11":{"loc":{"start":{"line":159,"column":20},"end":{"line":159,"column":65}},"type":"binary-expr","locations":[{"start":{"line":159,"column":20},"end":{"line":159,"column":29}},{"start":{"line":159,"column":33},"end":{"line":159,"column":50}},{"start":{"line":159,"column":54},"end":{"line":159,"column":65}}],"line":159},"12":{"loc":{"start":{"line":165,"column":11},"end":{"line":165,"column":71}},"type":"cond-expr","locations":[{"start":{"line":165,"column":31},"end":{"line":165,"column":45}},{"start":{"line":165,"column":48},"end":{"line":165,"column":71}}],"line":165},"13":{"loc":{"start":{"line":169,"column":43},"end":{"line":169,"column":115}},"type":"binary-expr","locations":[{"start":{"line":169,"column":44},"end":{"line":169,"column":53}},{"start":{"line":169,"column":57},"end":{"line":169,"column":74}},{"start":{"line":169,"column":78},"end":{"line":169,"column":89}},{"start":{"line":169,"column":94},"end":{"line":169,"column":115}}],"line":169},"14":{"loc":{"start":{"line":171,"column":20},"end":{"line":171,"column":65}},"type":"binary-expr","locations":[{"start":{"line":171,"column":20},"end":{"line":171,"column":29}},{"start":{"line":171,"column":33},"end":{"line":171,"column":50}},{"start":{"line":171,"column":54},"end":{"line":171,"column":65}}],"line":171}},"s":{"0":0,"1":0,"2":0,"3":0,"4":0,"5":0,"6":0,"7":0,"8":0,"9":0,"10":0,"11":0,"12":0,"13":0,"14":0,"15":0,"16":0,"17":0,"18":0,"19":0,"20":0,"21":0,"22":0,"23":0,"24":0,"25":0,"26":0,"27":0,"28":0,"29":0,"30":0,"31":0,"32":0,"33":0,"34":0,"35":0,"36":0,"37":0,"38":0,"39":0,"40":0,"41":0,"42":0,"43":0},"f":{"0":0,"1":0,"2":0,"3":0,"4":0,"5":0,"6":0,"7":0,"8":0,"9":0,"10":0,"11":0,"12":0,"13":0,"14":0,"15":0,"16":0},"b":{"0":[0,0],"1":[0,0],"2":[0,0],"3":[0,0],"4":[0,0],"5":[0,0],"6":[0,0],"7":[0,0],"8":[0,0],"9":[0,0],"10":[0,0,0,0],"11":[0,0,0],"12":[0,0],"13":[0,0,0,0],"14":[0,0,0]}}
,"C:\\Users\\marce\\OneDrive\\Documentos\\star-explorer\\star-explorer\\app\\components\\CharacterModal.tsx": {"path":"C:\\Users\\marce\\OneDrive\\Documentos\\star-explorer\\star-explorer\\app\\components\\CharacterModal.tsx","statementMap":{"0":{"start":{"line":11,"column":54},"end":{"line":90,"column":1}},"1":{"start":{"line":12,"column":2},"end":{"line":12,"column":30}},"2":{"start":{"line":12,"column":18},"end":{"line":12,"column":30}},"3":{"start":{"line":14,"column":22},"end":{"line":26,"column":3}},"4":{"start":{"line":15,"column":19},"end":{"line":15,"column":55}},"5":{"start":{"line":16,"column":46},"end":{"line":24,"column":5}},"6":{"start":{"line":25,"column":4},"end":{"line":25,"column":56}},"7":{"start":{"line":28,"column":2},"end":{"line":89,"column":4}},"8":{"start":{"line":72,"column":18},"end":{"line":74,"column":25}},"9":{"start":{"line":92,"column":15},"end":{"line":173,"column":2}}},"fnMap":{"0":{"name":"(anonymous_0)","decl":{"start":{"line":11,"column":54},"end":{"line":11,"column":55}},"loc":{"start":{"line":11,"column":93},"end":{"line":90,"column":1}},"line":11},"1":{"name":"(anonymous_1)","decl":{"start":{"line":14,"column":22},"end":{"line":14,"column":23}},"loc":{"start":{"line":14,"column":39},"end":{"line":26,"column":3}},"line":14},"2":{"name":"(anonymous_2)","decl":{"start":{"line":71,"column":37},"end":{"line":71,"column":38}},"loc":{"start":{"line":72,"column":18},"end":{"line":74,"column":25}},"line":72}},"branchMap":{"0":{"loc":{"start":{"line":12,"column":2},"end":{"line":12,"column":30}},"type":"if","locations":[{"start":{"line":12,"column":2},"end":{"line":12,"column":30}},{"start":{},"end":{}}],"line":12},"1":{"loc":{"start":{"line":25,"column":11},"end":{"line":25,"column":55}},"type":"binary-expr","locations":[{"start":{"line":25,"column":11},"end":{"line":25,"column":34}},{"start":{"line":25,"column":38},"end":{"line":25,"column":55}}],"line":25},"2":{"loc":{"start":{"line":25,"column":21},"end":{"line":25,"column":33}},"type":"binary-expr","locations":[{"start":{"line":25,"column":21},"end":{"line":25,"column":27}},{"start":{"line":25,"column":31},"end":{"line":25,"column":33}}],"line":25},"3":{"loc":{"start":{"line":68,"column":13},"end":{"line":77,"column":13}},"type":"binary-expr","locations":[{"start":{"line":68,"column":13},"end":{"line":68,"column":28}},{"start":{"line":68,"column":32},"end":{"line":68,"column":58}},{"start":{"line":69,"column":14},"end":{"line":76,"column":21}}],"line":68}},"s":{"0":0,"1":0,"2":0,"3":0,"4":0,"5":0,"6":0,"7":0,"8":0,"9":0},"f":{"0":0,"1":0,"2":0},"b":{"0":[0,0],"1":[0,0],"2":[0,0],"3":[0,0,0]}}
,"C:\\Users\\marce\\OneDrive\\Documentos\\star-explorer\\star-explorer\\app\\redux\\hooks.ts": {"path":"C:\\Users\\marce\\OneDrive\\Documentos\\star-explorer\\star-explorer\\app\\redux\\hooks.ts","statementMap":{"0":{"start":{"line":5,"column":30},"end":{"line":5,"column":62}},"1":{"start":{"line":5,"column":36},"end":{"line":5,"column":62}},"2":{"start":{"line":6,"column":63},"end":{"line":6,"column":74}},"3":{"start":{"line":8,"column":29},"end":{"line":8,"column":39}},"4":{"start":{"line":8,"column":35},"end":{"line":8,"column":39}}},"fnMap":{"0":{"name":"(anonymous_0)","decl":{"start":{"line":5,"column":30},"end":{"line":5,"column":31}},"loc":{"start":{"line":5,"column":36},"end":{"line":5,"column":62}},"line":5},"1":{"name":"(anonymous_1)","decl":{"start":{"line":8,"column":29},"end":{"line":8,"column":30}},"loc":{"start":{"line":8,"column":35},"end":{"line":8,"column":39}},"line":8}},"branchMap":{},"s":{"0":0,"1":0,"2":0,"3":0,"4":0},"f":{"0":0,"1":0},"b":{}}
,"C:\\Users\\marce\\OneDrive\\Documentos\\star-explorer\\star-explorer\\app\\redux\\slices\\charactersSlice.ts": {"path":"C:\\Users\\marce\\OneDrive\\Documentos\\star-explorer\\star-explorer\\app\\redux\\slices\\charactersSlice.ts","statementMap":{"0":{"start":{"line":4,"column":35},"end":{"line":60,"column":1}},"1":{"start":{"line":73,"column":38},"end":{"line":82,"column":1}},"2":{"start":{"line":84,"column":36},"end":{"line":94,"column":1}},"3":{"start":{"line":87,"column":4},"end":{"line":92,"column":5}},"4":{"start":{"line":88,"column":23},"end":{"line":88,"column":57}},"5":{"start":{"line":89,"column":6},"end":{"line":89,"column":22}},"6":{"start":{"line":91,"column":6},"end":{"line":91,"column":76}},"7":{"start":{"line":96,"column":24},"end":{"line":134,"column":2}},"8":{"start":{"line":101,"column":6},"end":{"line":101,"column":41}},"9":{"start":{"line":104,"column":6},"end":{"line":104,"column":29}},"10":{"start":{"line":108,"column":4},"end":{"line":132,"column":9}},"11":{"start":{"line":110,"column":8},"end":{"line":114,"column":9}},"12":{"start":{"line":111,"column":10},"end":{"line":111,"column":31}},"13":{"start":{"line":113,"column":10},"end":{"line":113,"column":35}},"14":{"start":{"line":115,"column":8},"end":{"line":115,"column":27}},"15":{"start":{"line":118,"column":8},"end":{"line":118,"column":30}},"16":{"start":{"line":119,"column":8},"end":{"line":119,"column":34}},"17":{"start":{"line":120,"column":8},"end":{"line":120,"column":50}},"18":{"start":{"line":121,"column":8},"end":{"line":121,"column":45}},"19":{"start":{"line":122,"column":8},"end":{"line":122,"column":49}},"20":{"start":{"line":123,"column":8},"end":{"line":123,"column":49}},"21":{"start":{"line":126,"column":8},"end":{"line":126,"column":30}},"22":{"start":{"line":127,"column":8},"end":{"line":127,"column":34}},"23":{"start":{"line":128,"column":8},"end":{"line":128,"column":79}},"24":{"start":{"line":129,"column":8},"end":{"line":129,"column":41}},"25":{"start":{"line":130,"column":8},"end":{"line":130,"column":30}},"26":{"start":{"line":131,"column":8},"end":{"line":131,"column":30}},"27":{"start":{"line":136,"column":52},"end":{"line":136,"column":75}}},"fnMap":{"0":{"name":"(anonymous_0)","decl":{"start":{"line":86,"column":2},"end":{"line":86,"column":3}},"loc":{"start":{"line":86,"column":83},"end":{"line":93,"column":3}},"line":86},"1":{"name":"(anonymous_1)","decl":{"start":{"line":100,"column":20},"end":{"line":100,"column":21}},"loc":{"start":{"line":100,"column":62},"end":{"line":102,"column":5}},"line":100},"2":{"name":"(anonymous_2)","decl":{"start":{"line":103,"column":22},"end":{"line":103,"column":23}},"loc":{"start":{"line":103,"column":33},"end":{"line":105,"column":5}},"line":103},"3":{"name":"(anonymous_3)","decl":{"start":{"line":107,"column":17},"end":{"line":107,"column":18}},"loc":{"start":{"line":107,"column":30},"end":{"line":133,"column":3}},"line":107},"4":{"name":"(anonymous_4)","decl":{"start":{"line":109,"column":45},"end":{"line":109,"column":46}},"loc":{"start":{"line":109,"column":56},"end":{"line":116,"column":7}},"line":109},"5":{"name":"(anonymous_5)","decl":{"start":{"line":117,"column":47},"end":{"line":117,"column":48}},"loc":{"start":{"line":117,"column":66},"end":{"line":124,"column":7}},"line":117},"6":{"name":"(anonymous_6)","decl":{"start":{"line":125,"column":46},"end":{"line":125,"column":47}},"loc":{"start":{"line":125,"column":65},"end":{"line":132,"column":7}},"line":125}},"branchMap":{"0":{"loc":{"start":{"line":91,"column":29},"end":{"line":91,"column":74}},"type":"binary-expr","locations":[{"start":{"line":91,"column":29},"end":{"line":91,"column":42}},{"start":{"line":91,"column":46},"end":{"line":91,"column":74}}],"line":91},"1":{"loc":{"start":{"line":110,"column":8},"end":{"line":114,"column":9}},"type":"if","locations":[{"start":{"line":110,"column":8},"end":{"line":114,"column":9}},{"start":{"line":112,"column":15},"end":{"line":114,"column":9}}],"line":110},"2":{"loc":{"start":{"line":128,"column":22},"end":{"line":128,"column":78}},"type":"binary-expr","locations":[{"start":{"line":128,"column":22},"end":{"line":128,"column":46}},{"start":{"line":128,"column":50},"end":{"line":128,"column":78}}],"line":128}},"s":{"0":1,"1":1,"2":1,"3":0,"4":0,"5":0,"6":0,"7":1,"8":1,"9":1,"10":1,"11":2,"12":1,"13":1,"14":2,"15":1,"16":1,"17":1,"18":1,"19":1,"20":1,"21":1,"22":1,"23":1,"24":1,"25":1,"26":1,"27":1},"f":{"0":0,"1":1,"2":1,"3":1,"4":2,"5":1,"6":1},"b":{"0":[0,0],"1":[1,1],"2":[1,0]},"_coverageSchema":"1a1c01bbd47fc00a2c39e90264f33305004495a9","hash":"f8bac73cd889834da5107a203af8cac1cf35957b"}
,"C:\\Users\\marce\\OneDrive\\Documentos\\star-explorer\\star-explorer\\app\\redux\\store\\index.ts": {"path":"C:\\Users\\marce\\OneDrive\\Documentos\\star-explorer\\star-explorer\\app\\redux\\store\\index.ts","statementMap":{"0":{"start":{"line":5,"column":21},"end":{"line":9,"column":2}},"1":{"start":{"line":14,"column":29},"end":{"line":14,"column":39}},"2":{"start":{"line":14,"column":35},"end":{"line":14,"column":39}}},"fnMap":{"0":{"name":"(anonymous_0)","decl":{"start":{"line":14,"column":29},"end":{"line":14,"column":30}},"loc":{"start":{"line":14,"column":35},"end":{"line":14,"column":39}},"line":14}},"branchMap":{},"s":{"0":0,"1":0,"2":0},"f":{"0":0},"b":{}}
,"C:\\Users\\marce\\OneDrive\\Documentos\\star-explorer\\star-explorer\\app\\services\\api.ts": {"path":"C:\\Users\\marce\\OneDrive\\Documentos\\star-explorer\\star-explorer\\app\\services\\api.ts","statementMap":{"0":{"start":{"line":37,"column":17},"end":{"line":37,"column":41}},"1":{"start":{"line":39,"column":31},"end":{"line":95,"column":1}},"2":{"start":{"line":40,"column":2},"end":{"line":94,"column":3}},"3":{"start":{"line":41,"column":14},"end":{"line":41,"column":34}},"4":{"start":{"line":42,"column":4},"end":{"line":44,"column":5}},"5":{"start":{"line":43,"column":6},"end":{"line":43,"column":55}},"6":{"start":{"line":45,"column":4},"end":{"line":47,"column":5}},"7":{"start":{"line":46,"column":6},"end":{"line":46,"column":89}},"8":{"start":{"line":49,"column":21},"end":{"line":49,"column":41}},"9":{"start":{"line":51,"column":37},"end":{"line":51,"column":50}},"10":{"start":{"line":53,"column":37},"end":{"line":88,"column":5}},"11":{"start":{"line":58,"column":8},"end":{"line":86,"column":9}},"12":{"start":{"line":59,"column":33},"end":{"line":59,"column":87}},"13":{"start":{"line":60,"column":34},"end":{"line":60,"column":71}},"14":{"start":{"line":62,"column":10},"end":{"line":72,"column":12}},"15":{"start":{"line":74,"column":10},"end":{"line":74,"column":91}},"16":{"start":{"line":75,"column":10},"end":{"line":85,"column":12}},"17":{"start":{"line":90,"column":4},"end":{"line":90,"column":23}},"18":{"start":{"line":92,"column":4},"end":{"line":92,"column":72}},"19":{"start":{"line":93,"column":4},"end":{"line":93,"column":16}},"20":{"start":{"line":97,"column":36},"end":{"line":102,"column":1}},"21":{"start":{"line":98,"column":2},"end":{"line":98,"column":21}},"22":{"start":{"line":98,"column":12},"end":{"line":98,"column":21}},"23":{"start":{"line":100,"column":16},"end":{"line":100,"column":39}},"24":{"start":{"line":101,"column":2},"end":{"line":101,"column":40}}},"fnMap":{"0":{"name":"(anonymous_0)","decl":{"start":{"line":39,"column":31},"end":{"line":39,"column":32}},"loc":{"start":{"line":39,"column":107},"end":{"line":95,"column":1}},"line":39},"1":{"name":"(anonymous_1)","decl":{"start":{"line":57,"column":55},"end":{"line":57,"column":56}},"loc":{"start":{"line":57,"column":76},"end":{"line":87,"column":7}},"line":57},"2":{"name":"(anonymous_2)","decl":{"start":{"line":97,"column":36},"end":{"line":97,"column":37}},"loc":{"start":{"line":97,"column":68},"end":{"line":102,"column":1}},"line":97}},"branchMap":{"0":{"loc":{"start":{"line":39,"column":38},"end":{"line":39,"column":54}},"type":"default-arg","locations":[{"start":{"line":39,"column":53},"end":{"line":39,"column":54}}],"line":39},"1":{"loc":{"start":{"line":39,"column":56},"end":{"line":39,"column":80}},"type":"default-arg","locations":[{"start":{"line":39,"column":78},"end":{"line":39,"column":80}}],"line":39},"2":{"loc":{"start":{"line":42,"column":4},"end":{"line":44,"column":5}},"type":"if","locations":[{"start":{"line":42,"column":4},"end":{"line":44,"column":5}},{"start":{},"end":{}}],"line":42},"3":{"loc":{"start":{"line":45,"column":4},"end":{"line":47,"column":5}},"type":"if","locations":[{"start":{"line":45,"column":4},"end":{"line":47,"column":5}},{"start":{},"end":{}}],"line":45},"4":{"loc":{"start":{"line":64,"column":20},"end":{"line":64,"column":60}},"type":"binary-expr","locations":[{"start":{"line":64,"column":20},"end":{"line":64,"column":42}},{"start":{"line":64,"column":46},"end":{"line":64,"column":60}}],"line":64},"5":{"loc":{"start":{"line":65,"column":18},"end":{"line":65,"column":56}},"type":"binary-expr","locations":[{"start":{"line":65,"column":18},"end":{"line":65,"column":38}},{"start":{"line":65,"column":42},"end":{"line":65,"column":56}}],"line":65},"6":{"loc":{"start":{"line":66,"column":24},"end":{"line":66,"column":68}},"type":"binary-expr","locations":[{"start":{"line":66,"column":24},"end":{"line":66,"column":50}},{"start":{"line":66,"column":54},"end":{"line":66,"column":68}}],"line":66},"7":{"loc":{"start":{"line":68,"column":20},"end":{"line":68,"column":60}},"type":"binary-expr","locations":[{"start":{"line":68,"column":20},"end":{"line":68,"column":42}},{"start":{"line":68,"column":46},"end":{"line":68,"column":60}}],"line":68},"8":{"loc":{"start":{"line":69,"column":23},"end":{"line":69,"column":66}},"type":"binary-expr","locations":[{"start":{"line":69,"column":23},"end":{"line":69,"column":48}},{"start":{"line":69,"column":52},"end":{"line":69,"column":66}}],"line":69},"9":{"loc":{"start":{"line":70,"column":24},"end":{"line":70,"column":68}},"type":"binary-expr","locations":[{"start":{"line":70,"column":24},"end":{"line":70,"column":50}},{"start":{"line":70,"column":54},"end":{"line":70,"column":68}}],"line":70},"10":{"loc":{"start":{"line":71,"column":19},"end":{"line":71,"column":46}},"type":"binary-expr","locations":[{"start":{"line":71,"column":19},"end":{"line":71,"column":40}},{"start":{"line":71,"column":44},"end":{"line":71,"column":46}}],"line":71},"11":{"loc":{"start":{"line":98,"column":2},"end":{"line":98,"column":21}},"type":"if","locations":[{"start":{"line":98,"column":2},"end":{"line":98,"column":21}},{"start":{},"end":{}}],"line":98},"12":{"loc":{"start":{"line":101,"column":9},"end":{"line":101,"column":39}},"type":"cond-expr","locations":[{"start":{"line":101,"column":17},"end":{"line":101,"column":35}},{"start":{"line":101,"column":38},"end":{"line":101,"column":39}}],"line":101}},"s":{"0":1,"1":1,"2":4,"3":4,"4":4,"5":0,"6":4,"7":1,"8":4,"9":3,"10":3,"11":3,"12":3,"13":2,"14":2,"15":1,"16":1,"17":3,"18":1,"19":1,"20":1,"21":3,"22":1,"23":2,"24":2},"f":{"0":4,"1":3,"2":3},"b":{"0":[3],"1":[3],"2":[0,4],"3":[1,3],"4":[2,0],"5":[2,0],"6":[2,0],"7":[2,0],"8":[2,0],"9":[2,0],"10":[2,0],"11":[1,2],"12":[1,1]},"_coverageSchema":"1a1c01bbd47fc00a2c39e90264f33305004495a9","hash":"de64fb7203dabefa5c529375a81a60ece1c5af73"}
}
