TN:
SF:eslint.config.js
FNF:0
FNH:0
DA:2,0
DA:3,0
DA:5,0
LF:3
LH:0
BRF:0
BRH:0
end_of_record
TN:
SF:expo-env.d.ts
FNF:0
FNH:0
LF:0
LH:0
BRF:0
BRH:0
end_of_record
TN:
SF:jest.config.js
FNF:0
FNH:0
DA:1,0
LF:1
LH:0
BRF:0
BRH:0
end_of_record
TN:
SF:.expo\types\router.d.ts
FNF:0
FNH:0
LF:0
LH:0
BRF:0
BRH:0
end_of_record
TN:
SF:app\_layout.tsx
FN:6,RootLayout
FNF:1
FNH:0
FNDA:0,RootLayout
DA:7,0
LF:1
LH:0
BRF:0
BRH:0
end_of_record
TN:
SF:app\index.tsx
FN:4,Index
FNF:1
FNH:0
FNDA:0,Index
DA:5,0
DA:17,0
LF:2
LH:0
BRF:0
BRH:0
end_of_record
TN:
SF:app\components\CharacterCard.tsx
FN:12,(anonymous_0)
FNF:1
FNH:0
FNDA:0,(anonymous_0)
DA:12,0
DA:13,0
DA:28,0
LF:3
LH:0
BRF:0
BRH:0
end_of_record
TN:
SF:app\components\CharacterList.tsx
FN:9,(anonymous_0)
FN:22,(anonymous_1)
FN:25,(anonymous_2)
FN:29,(anonymous_3)
FN:33,(anonymous_4)
FN:40,(anonymous_5)
FN:47,(anonymous_6)
FN:51,(anonymous_7)
FN:56,(anonymous_8)
FN:64,(anonymous_9)
FN:95,(anonymous_10)
FN:103,(anonymous_11)
FN:110,(anonymous_12)
FN:132,(anonymous_13)
FN:133,(anonymous_14)
FN:139,(anonymous_15)
FN:152,(anonymous_16)
FNF:17
FNH:0
FNDA:0,(anonymous_0)
FNDA:0,(anonymous_1)
FNDA:0,(anonymous_2)
FNDA:0,(anonymous_3)
FNDA:0,(anonymous_4)
FNDA:0,(anonymous_5)
FNDA:0,(anonymous_6)
FNDA:0,(anonymous_7)
FNDA:0,(anonymous_8)
FNDA:0,(anonymous_9)
FNDA:0,(anonymous_10)
FNDA:0,(anonymous_11)
FNDA:0,(anonymous_12)
FNDA:0,(anonymous_13)
FNDA:0,(anonymous_14)
FNDA:0,(anonymous_15)
FNDA:0,(anonymous_16)
DA:9,0
DA:10,0
DA:11,0
DA:12,0
DA:22,0
DA:23,0
DA:25,0
DA:26,0
DA:29,0
DA:30,0
DA:33,0
DA:34,0
DA:35,0
DA:36,0
DA:40,0
DA:41,0
DA:42,0
DA:43,0
DA:47,0
DA:48,0
DA:51,0
DA:52,0
DA:53,0
DA:56,0
DA:57,0
DA:64,0
DA:80,0
DA:81,0
DA:89,0
DA:90,0
DA:95,0
DA:103,0
DA:104,0
DA:105,0
DA:110,0
DA:117,0
DA:120,0
DA:132,0
DA:134,0
DA:140,0
DA:141,0
DA:152,0
DA:180,0
LF:43
LH:0
BRDA:23,0,0,0
BRDA:23,0,1,0
BRDA:34,1,0,0
BRDA:34,1,1,0
BRDA:41,2,0,0
BRDA:41,2,1,0
BRDA:68,3,0,0
BRDA:68,3,1,0
BRDA:80,4,0,0
BRDA:80,4,1,0
BRDA:80,5,0,0
BRDA:80,5,1,0
BRDA:89,6,0,0
BRDA:89,6,1,0
BRDA:89,7,0,0
BRDA:89,7,1,0
BRDA:104,8,0,0
BRDA:104,8,1,0
BRDA:125,9,0,0
BRDA:125,9,1,0
BRDA:157,10,0,0
BRDA:157,10,1,0
BRDA:157,10,2,0
BRDA:157,10,3,0
BRDA:159,11,0,0
BRDA:159,11,1,0
BRDA:159,11,2,0
BRDA:165,12,0,0
BRDA:165,12,1,0
BRDA:169,13,0,0
BRDA:169,13,1,0
BRDA:169,13,2,0
BRDA:169,13,3,0
BRDA:171,14,0,0
BRDA:171,14,1,0
BRDA:171,14,2,0
BRF:36
BRH:0
end_of_record
TN:
SF:app\components\CharacterModal.tsx
FN:11,(anonymous_0)
FN:14,(anonymous_1)
FN:71,(anonymous_2)
FNF:3
FNH:0
FNDA:0,(anonymous_0)
FNDA:0,(anonymous_1)
FNDA:0,(anonymous_2)
DA:11,0
DA:12,0
DA:14,0
DA:15,0
DA:16,0
DA:25,0
DA:28,0
DA:72,0
DA:92,0
LF:9
LH:0
BRDA:12,0,0,0
BRDA:12,0,1,0
BRDA:25,1,0,0
BRDA:25,1,1,0
BRDA:25,2,0,0
BRDA:25,2,1,0
BRDA:68,3,0,0
BRDA:68,3,1,0
BRDA:68,3,2,0
BRF:9
BRH:0
end_of_record
TN:
SF:app\redux\hooks.ts
FN:5,(anonymous_0)
FN:8,(anonymous_1)
FNF:2
FNH:0
FNDA:0,(anonymous_0)
FNDA:0,(anonymous_1)
DA:5,0
DA:6,0
DA:8,0
LF:3
LH:0
BRF:0
BRH:0
end_of_record
TN:
SF:app\redux\slices\charactersSlice.ts
FN:86,(anonymous_0)
FN:100,(anonymous_1)
FN:103,(anonymous_2)
FN:107,(anonymous_3)
FN:109,(anonymous_4)
FN:117,(anonymous_5)
FN:125,(anonymous_6)
FNF:7
FNH:6
FNDA:0,(anonymous_0)
FNDA:1,(anonymous_1)
FNDA:1,(anonymous_2)
FNDA:1,(anonymous_3)
FNDA:2,(anonymous_4)
FNDA:1,(anonymous_5)
FNDA:1,(anonymous_6)
DA:4,1
DA:73,1
DA:84,1
DA:87,0
DA:88,0
DA:89,0
DA:91,0
DA:96,1
DA:101,1
DA:104,1
DA:108,1
DA:110,2
DA:111,1
DA:113,1
DA:115,2
DA:118,1
DA:119,1
DA:120,1
DA:121,1
DA:122,1
DA:123,1
DA:126,1
DA:127,1
DA:128,1
DA:129,1
DA:130,1
DA:131,1
DA:136,1
LF:28
LH:24
BRDA:91,0,0,0
BRDA:91,0,1,0
BRDA:110,1,0,1
BRDA:110,1,1,1
BRDA:128,2,0,1
BRDA:128,2,1,0
BRF:6
BRH:3
end_of_record
TN:
SF:app\redux\store\index.ts
FN:14,(anonymous_0)
FNF:1
FNH:0
FNDA:0,(anonymous_0)
DA:5,0
DA:14,0
LF:2
LH:0
BRF:0
BRH:0
end_of_record
TN:
SF:app\services\api.ts
FN:39,(anonymous_0)
FN:57,(anonymous_1)
FN:97,(anonymous_2)
FNF:3
FNH:3
FNDA:4,(anonymous_0)
FNDA:3,(anonymous_1)
FNDA:3,(anonymous_2)
DA:37,1
DA:39,1
DA:40,4
DA:41,4
DA:42,4
DA:43,0
DA:45,4
DA:46,1
DA:49,4
DA:51,3
DA:53,3
DA:58,3
DA:59,3
DA:60,2
DA:62,2
DA:74,1
DA:75,1
DA:90,3
DA:92,1
DA:93,1
DA:97,1
DA:98,3
DA:100,2
DA:101,2
LF:24
LH:23
BRDA:39,0,0,3
BRDA:39,1,0,3
BRDA:42,2,0,0
BRDA:42,2,1,4
BRDA:45,3,0,1
BRDA:45,3,1,3
BRDA:64,4,0,2
BRDA:64,4,1,0
BRDA:65,5,0,2
BRDA:65,5,1,0
BRDA:66,6,0,2
BRDA:66,6,1,0
BRDA:68,7,0,2
BRDA:68,7,1,0
BRDA:69,8,0,2
BRDA:69,8,1,0
BRDA:70,9,0,2
BRDA:70,9,1,0
BRDA:71,10,0,2
BRDA:71,10,1,0
BRDA:98,11,0,1
BRDA:98,11,1,2
BRDA:101,12,0,1
BRDA:101,12,1,1
BRF:24
BRH:16
end_of_record
